c:\users\15416\desktop\cs550\hw\hw6\debug\vc142.pdb
c:\users\15416\desktop\cs550\hw\hw6\debug\vc142.idb
c:\users\15416\desktop\cs550\hw\hw6\debug\sample.obj
c:\users\15416\desktop\cs550\hw\hw6\debug\readbmp.obj
c:\users\15416\desktop\cs550\hw\hw6\debug\cube.obj
c:\users\15416\desktop\cs550\hw\hw6\debug\point.obj
c:\users\15416\desktop\cs550\hw\hw6\debug\lights.obj
c:\users\15416\desktop\cs550\hw\hw6\debug\glslprogram.obj
c:\users\15416\desktop\cs550\hw\hw6\debug\curve.obj
c:\users\15416\desktop\cs550\hw\hw6\debug\tree.obj
c:\users\15416\desktop\cs550\hw\hw6\debug\sample.exe
c:\users\15416\desktop\cs550\hw\hw6\debug\sample.pdb
c:\users\15416\desktop\cs550\hw\hw6\.\debug\sample.exe
c:\users\15416\desktop\cs550\hw\hw6\debug\sample.tlog\cl.command.1.tlog
c:\users\15416\desktop\cs550\hw\hw6\debug\sample.tlog\cl.read.1.tlog
c:\users\15416\desktop\cs550\hw\hw6\debug\sample.tlog\cl.write.1.tlog
c:\users\15416\desktop\cs550\hw\hw6\debug\sample.tlog\link.command.1.tlog
c:\users\15416\desktop\cs550\hw\hw6\debug\sample.tlog\link.delete.1.tlog
c:\users\15416\desktop\cs550\hw\hw6\debug\sample.tlog\link.read.1.tlog
c:\users\15416\desktop\cs550\hw\hw6\debug\sample.tlog\link.write.1.tlog
